2023-09-30 15:10:48,995 WARN org.springframework.boot.autoconfigure.orm.jpa.JpaBaseConfiguration$JpaWebConfiguration [restartedMain] spring.jpa.open-in-view is enabled by default. Therefore, database queries may be performed during view rendering. Explicitly configure spring.jpa.open-in-view to disable this warning
2023-09-30 15:10:49,390 INFO org.springframework.boot.devtools.autoconfigure.OptionalLiveReloadServer [restartedMain] LiveReload server is running on port 35729
2023-09-30 15:10:49,435 INFO org.springframework.boot.web.embedded.tomcat.TomcatWebServer [restartedMain] Tomcat started on port(s): 8181 (http) with context path ''
2023-09-30 15:10:49,455 INFO com.manirdev.countriesbe.CountriesBeApplication [restartedMain] Started CountriesBeApplication in 5.021 seconds (JVM running for 6.315)
2023-09-30 15:11:42,405 INFO org.springframework.orm.jpa.LocalContainerEntityManagerFactoryBean [SpringApplicationShutdownHook] Closing JPA EntityManagerFactory for persistence unit 'default'
2023-09-30 15:11:42,409 INFO com.zaxxer.hikari.HikariDataSource [SpringApplicationShutdownHook] HikariPool-1 - Shutdown initiated...
2023-09-30 15:11:42,421 INFO com.zaxxer.hikari.HikariDataSource [SpringApplicationShutdownHook] HikariPool-1 - Shutdown completed.
2023-09-30 15:11:48,196 INFO com.manirdev.countriesbe.CountriesBeApplication [restartedMain] Starting CountriesBeApplication using Java 11.0.16.1 on DESKTOP-DSS122P with PID 3944 (D:\Project\Java\countries-be\target\classes started by Onuv in D:\Project\Java\countries-be)
2023-09-30 15:11:48,199 INFO com.manirdev.countriesbe.CountriesBeApplication [restartedMain] The following profiles are active: dev
2023-09-30 15:11:48,245 INFO org.springframework.boot.devtools.env.DevToolsPropertyDefaultsPostProcessor [restartedMain] Devtools property defaults active! Set 'spring.devtools.add-properties' to 'false' to disable
2023-09-30 15:11:48,245 INFO org.springframework.boot.devtools.env.DevToolsPropertyDefaultsPostProcessor [restartedMain] For additional web related logging consider setting the 'logging.level.web' property to 'DEBUG'
2023-09-30 15:11:48,892 INFO org.springframework.data.repository.config.RepositoryConfigurationDelegate [restartedMain] Bootstrapping Spring Data JPA repositories in DEFAULT mode.
2023-09-30 15:11:48,905 INFO org.springframework.data.repository.config.RepositoryConfigurationDelegate [restartedMain] Finished Spring Data repository scanning in 4 ms. Found 0 JPA repository interfaces.
2023-09-30 15:11:49,462 INFO org.springframework.boot.web.embedded.tomcat.TomcatWebServer [restartedMain] Tomcat initialized with port(s): 8181 (http)
2023-09-30 15:11:49,471 INFO org.apache.catalina.core.StandardService [restartedMain] Starting service [Tomcat]
2023-09-30 15:11:49,471 INFO org.apache.catalina.core.StandardEngine [restartedMain] Starting Servlet engine: [Apache Tomcat/9.0.52]
2023-09-30 15:11:49,540 INFO org.apache.catalina.core.ContainerBase.[Tomcat].[localhost].[/] [restartedMain] Initializing Spring embedded WebApplicationContext
2023-09-30 15:11:49,540 INFO org.springframework.boot.web.servlet.context.ServletWebServerApplicationContext [restartedMain] Root WebApplicationContext: initialization completed in 1294 ms
2023-09-30 15:11:49,706 INFO org.hibernate.jpa.internal.util.LogHelper [restartedMain] HHH000204: Processing PersistenceUnitInfo [name: default]
2023-09-30 15:11:49,747 INFO org.hibernate.Version [restartedMain] HHH000412: Hibernate ORM core version 5.4.32.Final
2023-09-30 15:11:49,845 INFO org.hibernate.annotations.common.Version [restartedMain] HCANN000001: Hibernate Commons Annotations {5.1.2.Final}
2023-09-30 15:11:49,944 INFO com.zaxxer.hikari.HikariDataSource [restartedMain] HikariPool-1 - Starting...
2023-09-30 15:11:50,299 INFO com.zaxxer.hikari.HikariDataSource [restartedMain] HikariPool-1 - Start completed.
2023-09-30 15:11:50,313 INFO org.hibernate.dialect.Dialect [restartedMain] HHH000400: Using dialect: org.hibernate.dialect.PostgreSQLDialect
2023-09-30 15:11:51,567 INFO org.hibernate.engine.transaction.jta.platform.internal.JtaPlatformInitiator [restartedMain] HHH000490: Using JtaPlatform implementation: [org.hibernate.engine.transaction.jta.platform.internal.NoJtaPlatform]
2023-09-30 15:11:51,579 INFO org.springframework.orm.jpa.LocalContainerEntityManagerFactoryBean [restartedMain] Initialized JPA EntityManagerFactory for persistence unit 'default'
2023-09-30 15:11:51,654 WARN org.springframework.boot.autoconfigure.orm.jpa.JpaBaseConfiguration$JpaWebConfiguration [restartedMain] spring.jpa.open-in-view is enabled by default. Therefore, database queries may be performed during view rendering. Explicitly configure spring.jpa.open-in-view to disable this warning
2023-09-30 15:11:52,036 INFO org.springframework.boot.devtools.autoconfigure.OptionalLiveReloadServer [restartedMain] LiveReload server is running on port 35729
2023-09-30 15:11:52,086 INFO org.springframework.boot.web.embedded.tomcat.TomcatWebServer [restartedMain] Tomcat started on port(s): 8181 (http) with context path ''
2023-09-30 15:11:52,102 INFO com.manirdev.countriesbe.CountriesBeApplication [restartedMain] Started CountriesBeApplication in 4.462 seconds (JVM running for 5.496)
2023-09-30 15:13:57,292 INFO org.springframework.orm.jpa.LocalContainerEntityManagerFactoryBean [Thread-5] Closing JPA EntityManagerFactory for persistence unit 'default'
2023-09-30 15:13:57,298 INFO com.zaxxer.hikari.HikariDataSource [Thread-5] HikariPool-1 - Shutdown initiated...
2023-09-30 15:13:57,307 INFO com.zaxxer.hikari.HikariDataSource [Thread-5] HikariPool-1 - Shutdown completed.
2023-09-30 15:13:57,439 INFO com.manirdev.countriesbe.CountriesBeApplication [restartedMain] Starting CountriesBeApplication using Java 11.0.16.1 on DESKTOP-DSS122P with PID 3944 (D:\Project\Java\countries-be\target\classes started by Onuv in D:\Project\Java\countries-be)
2023-09-30 15:13:57,440 INFO com.manirdev.countriesbe.CountriesBeApplication [restartedMain] The following profiles are active: dev
2023-09-30 15:13:57,631 INFO org.springframework.data.repository.config.RepositoryConfigurationDelegate [restartedMain] Bootstrapping Spring Data JPA repositories in DEFAULT mode.
2023-09-30 15:13:57,633 INFO org.springframework.data.repository.config.RepositoryConfigurationDelegate [restartedMain] Finished Spring Data repository scanning in 1 ms. Found 0 JPA repository interfaces.
2023-09-30 15:13:57,740 INFO org.springframework.boot.web.embedded.tomcat.TomcatWebServer [restartedMain] Tomcat initialized with port(s): 8181 (http)
2023-09-30 15:13:57,741 INFO org.apache.catalina.core.StandardService [restartedMain] Starting service [Tomcat]
2023-09-30 15:13:57,741 INFO org.apache.catalina.core.StandardEngine [restartedMain] Starting Servlet engine: [Apache Tomcat/9.0.52]
2023-09-30 15:13:57,764 INFO org.apache.catalina.core.ContainerBase.[Tomcat].[localhost].[/] [restartedMain] Initializing Spring embedded WebApplicationContext
2023-09-30 15:13:57,764 INFO org.springframework.boot.web.servlet.context.ServletWebServerApplicationContext [restartedMain] Root WebApplicationContext: initialization completed in 322 ms
2023-09-30 15:13:57,807 INFO org.hibernate.jpa.internal.util.LogHelper [restartedMain] HHH000204: Processing PersistenceUnitInfo [name: default]
2023-09-30 15:13:57,813 INFO com.zaxxer.hikari.HikariDataSource [restartedMain] HikariPool-2 - Starting...
2023-09-30 15:13:58,053 INFO com.zaxxer.hikari.HikariDataSource [restartedMain] HikariPool-2 - Start completed.
2023-09-30 15:13:58,053 INFO org.hibernate.dialect.Dialect [restartedMain] HHH000400: Using dialect: org.hibernate.dialect.PostgreSQLDialect
2023-09-30 15:13:59,421 INFO org.hibernate.engine.transaction.jta.platform.internal.JtaPlatformInitiator [restartedMain] HHH000490: Using JtaPlatform implementation: [org.hibernate.engine.transaction.jta.platform.internal.NoJtaPlatform]
2023-09-30 15:13:59,421 INFO org.springframework.orm.jpa.LocalContainerEntityManagerFactoryBean [restartedMain] Initialized JPA EntityManagerFactory for persistence unit 'default'
2023-09-30 15:13:59,458 WARN org.springframework.boot.autoconfigure.orm.jpa.JpaBaseConfiguration$JpaWebConfiguration [restartedMain] spring.jpa.open-in-view is enabled by default. Therefore, database queries may be performed during view rendering. Explicitly configure spring.jpa.open-in-view to disable this warning
2023-09-30 15:13:59,611 INFO org.springframework.boot.devtools.autoconfigure.OptionalLiveReloadServer [restartedMain] LiveReload server is running on port 35729
2023-09-30 15:13:59,627 INFO org.springframework.boot.web.embedded.tomcat.TomcatWebServer [restartedMain] Tomcat started on port(s): 8181 (http) with context path ''
2023-09-30 15:13:59,632 INFO com.manirdev.countriesbe.CountriesBeApplication [restartedMain] Started CountriesBeApplication in 2.246 seconds (JVM running for 133.024)
2023-09-30 15:13:59,636 INFO org.springframework.boot.devtools.autoconfigure.ConditionEvaluationDeltaLoggingListener [restartedMain] Condition evaluation unchanged
2023-09-30 15:15:26,073 INFO org.springframework.orm.jpa.LocalContainerEntityManagerFactoryBean [Thread-7] Closing JPA EntityManagerFactory for persistence unit 'default'
2023-09-30 15:15:26,075 INFO com.zaxxer.hikari.HikariDataSource [Thread-7] HikariPool-2 - Shutdown initiated...
2023-09-30 15:15:26,085 INFO com.zaxxer.hikari.HikariDataSource [Thread-7] HikariPool-2 - Shutdown completed.
2023-09-30 15:15:26,308 INFO com.manirdev.countriesbe.CountriesBeApplication [restartedMain] Starting CountriesBeApplication using Java 11.0.16.1 on DESKTOP-DSS122P with PID 3944 (D:\Project\Java\countries-be\target\classes started by Onuv in D:\Project\Java\countries-be)
2023-09-30 15:15:26,309 INFO com.manirdev.countriesbe.CountriesBeApplication [restartedMain] The following profiles are active: dev
2023-09-30 15:15:26,599 INFO org.springframework.data.repository.config.RepositoryConfigurationDelegate [restartedMain] Bootstrapping Spring Data JPA repositories in DEFAULT mode.
2023-09-30 15:15:26,601 INFO org.springframework.data.repository.config.RepositoryConfigurationDelegate [restartedMain] Finished Spring Data repository scanning in 1 ms. Found 0 JPA repository interfaces.
2023-09-30 15:15:26,699 INFO org.springframework.boot.web.embedded.tomcat.TomcatWebServer [restartedMain] Tomcat initialized with port(s): 8181 (http)
2023-09-30 15:15:26,700 INFO org.apache.catalina.core.StandardService [restartedMain] Starting service [Tomcat]
2023-09-30 15:15:26,700 INFO org.apache.catalina.core.StandardEngine [restartedMain] Starting Servlet engine: [Apache Tomcat/9.0.52]
2023-09-30 15:15:26,726 INFO org.apache.catalina.core.ContainerBase.[Tomcat].[localhost].[/] [restartedMain] Initializing Spring embedded WebApplicationContext
2023-09-30 15:15:26,726 INFO org.springframework.boot.web.servlet.context.ServletWebServerApplicationContext [restartedMain] Root WebApplicationContext: initialization completed in 412 ms
2023-09-30 15:15:26,762 INFO org.hibernate.jpa.internal.util.LogHelper [restartedMain] HHH000204: Processing PersistenceUnitInfo [name: default]
2023-09-30 15:15:26,767 INFO com.zaxxer.hikari.HikariDataSource [restartedMain] HikariPool-3 - Starting...
2023-09-30 15:15:27,023 INFO com.zaxxer.hikari.HikariDataSource [restartedMain] HikariPool-3 - Start completed.
2023-09-30 15:15:27,024 INFO org.hibernate.dialect.Dialect [restartedMain] HHH000400: Using dialect: org.hibernate.dialect.PostgreSQLDialect
2023-09-30 15:15:28,120 INFO org.hibernate.engine.transaction.jta.platform.internal.JtaPlatformInitiator [restartedMain] HHH000490: Using JtaPlatform implementation: [org.hibernate.engine.transaction.jta.platform.internal.NoJtaPlatform]
2023-09-30 15:15:28,121 INFO org.springframework.orm.jpa.LocalContainerEntityManagerFactoryBean [restartedMain] Initialized JPA EntityManagerFactory for persistence unit 'default'
2023-09-30 15:15:28,152 WARN org.springframework.boot.autoconfigure.orm.jpa.JpaBaseConfiguration$JpaWebConfiguration [restartedMain] spring.jpa.open-in-view is enabled by default. Therefore, database queries may be performed during view rendering. Explicitly configure spring.jpa.open-in-view to disable this warning
2023-09-30 15:15:28,285 INFO org.springframework.boot.devtools.autoconfigure.OptionalLiveReloadServer [restartedMain] LiveReload server is running on port 35729
2023-09-30 15:15:28,299 INFO org.springframework.boot.web.embedded.tomcat.TomcatWebServer [restartedMain] Tomcat started on port(s): 8181 (http) with context path ''
2023-09-30 15:15:28,304 INFO com.manirdev.countriesbe.CountriesBeApplication [restartedMain] Started CountriesBeApplication in 2.144 seconds (JVM running for 221.697)
2023-09-30 15:15:28,306 INFO org.springframework.boot.devtools.autoconfigure.ConditionEvaluationDeltaLoggingListener [restartedMain] Condition evaluation unchanged
2023-09-30 15:15:30,217 INFO org.springframework.orm.jpa.LocalContainerEntityManagerFactoryBean [Thread-11] Closing JPA EntityManagerFactory for persistence unit 'default'
2023-09-30 15:15:30,219 INFO com.zaxxer.hikari.HikariDataSource [Thread-11] HikariPool-3 - Shutdown initiated...
2023-09-30 15:15:30,445 INFO com.zaxxer.hikari.HikariDataSource [Thread-11] HikariPool-3 - Shutdown completed.
2023-09-30 15:15:30,822 INFO com.manirdev.countriesbe.CountriesBeApplication [restartedMain] Starting CountriesBeApplication using Java 11.0.16.1 on DESKTOP-DSS122P with PID 3944 (D:\Project\Java\countries-be\target\classes started by Onuv in D:\Project\Java\countries-be)
2023-09-30 15:15:30,822 INFO com.manirdev.countriesbe.CountriesBeApplication [restartedMain] The following profiles are active: dev
2023-09-30 15:15:31,186 INFO org.springframework.data.repository.config.RepositoryConfigurationDelegate [restartedMain] Bootstrapping Spring Data JPA repositories in DEFAULT mode.
2023-09-30 15:15:31,187 INFO org.springframework.data.repository.config.RepositoryConfigurationDelegate [restartedMain] Finished Spring Data repository scanning in 1 ms. Found 0 JPA repository interfaces.
2023-09-30 15:15:31,352 INFO org.springframework.boot.web.embedded.tomcat.TomcatWebServer [restartedMain] Tomcat initialized with port(s): 8181 (http)
2023-09-30 15:15:31,352 INFO org.apache.catalina.core.StandardService [restartedMain] Starting service [Tomcat]
2023-09-30 15:15:31,353 INFO org.apache.catalina.core.StandardEngine [restartedMain] Starting Servlet engine: [Apache Tomcat/9.0.52]
2023-09-30 15:15:31,380 INFO org.apache.catalina.core.ContainerBase.[Tomcat].[localhost].[/] [restartedMain] Initializing Spring embedded WebApplicationContext
2023-09-30 15:15:31,380 INFO org.springframework.boot.web.servlet.context.ServletWebServerApplicationContext [restartedMain] Root WebApplicationContext: initialization completed in 548 ms
2023-09-30 15:15:31,430 INFO org.hibernate.jpa.internal.util.LogHelper [restartedMain] HHH000204: Processing PersistenceUnitInfo [name: default]
2023-09-30 15:15:31,434 INFO com.zaxxer.hikari.HikariDataSource [restartedMain] HikariPool-4 - Starting...
2023-09-30 15:15:31,691 INFO com.zaxxer.hikari.HikariDataSource [restartedMain] HikariPool-4 - Start completed.
2023-09-30 15:15:31,692 INFO org.hibernate.dialect.Dialect [restartedMain] HHH000400: Using dialect: org.hibernate.dialect.PostgreSQLDialect
2023-09-30 15:15:32,549 INFO org.hibernate.engine.transaction.jta.platform.internal.JtaPlatformInitiator [restartedMain] HHH000490: Using JtaPlatform implementation: [org.hibernate.engine.transaction.jta.platform.internal.NoJtaPlatform]
2023-09-30 15:15:32,550 INFO org.springframework.orm.jpa.LocalContainerEntityManagerFactoryBean [restartedMain] Initialized JPA EntityManagerFactory for persistence unit 'default'
2023-09-30 15:15:32,573 WARN org.springframework.boot.autoconfigure.orm.jpa.JpaBaseConfiguration$JpaWebConfiguration [restartedMain] spring.jpa.open-in-view is enabled by default. Therefore, database queries may be performed during view rendering. Explicitly configure spring.jpa.open-in-view to disable this warning
2023-09-30 15:15:32,876 INFO org.springframework.boot.devtools.autoconfigure.OptionalLiveReloadServer [restartedMain] LiveReload server is running on port 35729
2023-09-30 15:15:32,890 INFO org.springframework.boot.web.embedded.tomcat.TomcatWebServer [restartedMain] Tomcat started on port(s): 8181 (http) with context path ''
2023-09-30 15:15:32,897 INFO com.manirdev.countriesbe.CountriesBeApplication [restartedMain] Started CountriesBeApplication in 2.26 seconds (JVM running for 226.29)
2023-09-30 15:15:32,899 INFO org.springframework.boot.devtools.autoconfigure.ConditionEvaluationDeltaLoggingListener [restartedMain] Condition evaluation unchanged
2023-09-30 15:15:35,838 INFO org.springframework.orm.jpa.LocalContainerEntityManagerFactoryBean [SpringApplicationShutdownHook] Closing JPA EntityManagerFactory for persistence unit 'default'
2023-09-30 15:15:35,841 INFO com.zaxxer.hikari.HikariDataSource [SpringApplicationShutdownHook] HikariPool-4 - Shutdown initiated...
2023-09-30 15:15:35,864 INFO com.zaxxer.hikari.HikariDataSource [SpringApplicationShutdownHook] HikariPool-4 - Shutdown completed.
2023-09-30 15:16:46,871 INFO com.manirdev.countriesbe.CountriesBeApplication [restartedMain] Starting CountriesBeApplication using Java 11.0.16.1 on DESKTOP-DSS122P with PID 12680 (D:\Project\Java\countries-be\target\classes started by Onuv in D:\Project\Java\countries-be)
2023-09-30 15:16:46,874 INFO com.manirdev.countriesbe.CountriesBeApplication [restartedMain] The following profiles are active: dev
2023-09-30 15:16:46,968 INFO org.springframework.boot.devtools.env.DevToolsPropertyDefaultsPostProcessor [restartedMain] Devtools property defaults active! Set 'spring.devtools.add-properties' to 'false' to disable
2023-09-30 15:16:46,969 INFO org.springframework.boot.devtools.env.DevToolsPropertyDefaultsPostProcessor [restartedMain] For additional web related logging consider setting the 'logging.level.web' property to 'DEBUG'
2023-09-30 15:16:47,966 INFO org.springframework.data.repository.config.RepositoryConfigurationDelegate [restartedMain] Bootstrapping Spring Data JPA repositories in DEFAULT mode.
2023-09-30 15:16:47,982 INFO org.springframework.data.repository.config.RepositoryConfigurationDelegate [restartedMain] Finished Spring Data repository scanning in 5 ms. Found 0 JPA repository interfaces.
2023-09-30 15:16:48,634 INFO org.springframework.boot.web.embedded.tomcat.TomcatWebServer [restartedMain] Tomcat initialized with port(s): 8181 (http)
2023-09-30 15:16:48,661 INFO org.apache.catalina.core.StandardService [restartedMain] Starting service [Tomcat]
2023-09-30 15:16:48,662 INFO org.apache.catalina.core.StandardEngine [restartedMain] Starting Servlet engine: [Apache Tomcat/9.0.52]
2023-09-30 15:16:48,776 INFO org.apache.catalina.core.ContainerBase.[Tomcat].[localhost].[/] [restartedMain] Initializing Spring embedded WebApplicationContext
2023-09-30 15:16:48,777 INFO org.springframework.boot.web.servlet.context.ServletWebServerApplicationContext [restartedMain] Root WebApplicationContext: initialization completed in 1808 ms
2023-09-30 15:16:49,024 INFO org.hibernate.jpa.internal.util.LogHelper [restartedMain] HHH000204: Processing PersistenceUnitInfo [name: default]
2023-09-30 15:16:49,110 INFO org.hibernate.Version [restartedMain] HHH000412: Hibernate ORM core version 5.4.32.Final
2023-09-30 15:16:49,361 INFO org.hibernate.annotations.common.Version [restartedMain] HCANN000001: Hibernate Commons Annotations {5.1.2.Final}
2023-09-30 15:16:49,523 INFO com.zaxxer.hikari.HikariDataSource [restartedMain] HikariPool-1 - Starting...
2023-09-30 15:16:49,990 INFO com.zaxxer.hikari.HikariDataSource [restartedMain] HikariPool-1 - Start completed.
2023-09-30 15:16:50,014 INFO org.hibernate.dialect.Dialect [restartedMain] HHH000400: Using dialect: org.hibernate.dialect.PostgreSQLDialect
2023-09-30 15:16:52,155 INFO org.hibernate.engine.transaction.jta.platform.internal.JtaPlatformInitiator [restartedMain] HHH000490: Using JtaPlatform implementation: [org.hibernate.engine.transaction.jta.platform.internal.NoJtaPlatform]
2023-09-30 15:16:52,170 INFO org.springframework.orm.jpa.LocalContainerEntityManagerFactoryBean [restartedMain] Initialized JPA EntityManagerFactory for persistence unit 'default'
2023-09-30 15:16:52,311 WARN org.springframework.boot.autoconfigure.orm.jpa.JpaBaseConfiguration$JpaWebConfiguration [restartedMain] spring.jpa.open-in-view is enabled by default. Therefore, database queries may be performed during view rendering. Explicitly configure spring.jpa.open-in-view to disable this warning
2023-09-30 15:16:52,953 INFO org.springframework.boot.devtools.autoconfigure.OptionalLiveReloadServer [restartedMain] LiveReload server is running on port 35729
2023-09-30 15:16:53,019 INFO org.springframework.boot.web.embedded.tomcat.TomcatWebServer [restartedMain] Tomcat started on port(s): 8181 (http) with context path ''
2023-09-30 15:16:53,039 INFO com.manirdev.countriesbe.CountriesBeApplication [restartedMain] Started CountriesBeApplication in 7.281 seconds (JVM running for 9.497)
2023-09-30 15:16:58,565 INFO org.springframework.orm.jpa.LocalContainerEntityManagerFactoryBean [Thread-5] Closing JPA EntityManagerFactory for persistence unit 'default'
2023-09-30 15:16:58,619 INFO com.zaxxer.hikari.HikariDataSource [Thread-5] HikariPool-1 - Shutdown initiated...
2023-09-30 15:16:58,630 INFO com.zaxxer.hikari.HikariDataSource [Thread-5] HikariPool-1 - Shutdown completed.
2023-09-30 15:16:59,048 INFO com.manirdev.countriesbe.CountriesBeApplication [restartedMain] Starting CountriesBeApplication using Java 11.0.16.1 on DESKTOP-DSS122P with PID 12680 (D:\Project\Java\countries-be\target\classes started by Onuv in D:\Project\Java\countries-be)
2023-09-30 15:16:59,049 INFO com.manirdev.countriesbe.CountriesBeApplication [restartedMain] The following profiles are active: dev
2023-09-30 15:16:59,611 INFO org.springframework.data.repository.config.RepositoryConfigurationDelegate [restartedMain] Bootstrapping Spring Data JPA repositories in DEFAULT mode.
2023-09-30 15:16:59,623 INFO org.springframework.data.repository.config.RepositoryConfigurationDelegate [restartedMain] Finished Spring Data repository scanning in 3 ms. Found 0 JPA repository interfaces.
2023-09-30 15:16:59,837 INFO org.springframework.boot.web.embedded.tomcat.TomcatWebServer [restartedMain] Tomcat initialized with port(s): 8181 (http)
2023-09-30 15:16:59,839 INFO org.apache.catalina.core.StandardService [restartedMain] Starting service [Tomcat]
2023-09-30 15:16:59,839 INFO org.apache.catalina.core.StandardEngine [restartedMain] Starting Servlet engine: [Apache Tomcat/9.0.52]
2023-09-30 15:16:59,876 INFO org.apache.catalina.core.ContainerBase.[Tomcat].[localhost].[/] [restartedMain] Initializing Spring embedded WebApplicationContext
2023-09-30 15:16:59,877 INFO org.springframework.boot.web.servlet.context.ServletWebServerApplicationContext [restartedMain] Root WebApplicationContext: initialization completed in 824 ms
2023-09-30 15:16:59,929 INFO org.hibernate.jpa.internal.util.LogHelper [restartedMain] HHH000204: Processing PersistenceUnitInfo [name: default]
2023-09-30 15:16:59,938 INFO com.zaxxer.hikari.HikariDataSource [restartedMain] HikariPool-2 - Starting...
2023-09-30 15:17:00,406 INFO com.zaxxer.hikari.HikariDataSource [restartedMain] HikariPool-2 - Start completed.
2023-09-30 15:17:00,406 INFO org.hibernate.dialect.Dialect [restartedMain] HHH000400: Using dialect: org.hibernate.dialect.PostgreSQLDialect
2023-09-30 15:17:01,564 INFO org.hibernate.engine.transaction.jta.platform.internal.JtaPlatformInitiator [restartedMain] HHH000490: Using JtaPlatform implementation: [org.hibernate.engine.transaction.jta.platform.internal.NoJtaPlatform]
2023-09-30 15:17:01,566 INFO org.springframework.orm.jpa.LocalContainerEntityManagerFactoryBean [restartedMain] Initialized JPA EntityManagerFactory for persistence unit 'default'
2023-09-30 15:17:01,595 WARN org.springframework.boot.autoconfigure.orm.jpa.JpaBaseConfiguration$JpaWebConfiguration [restartedMain] spring.jpa.open-in-view is enabled by default. Therefore, database queries may be performed during view rendering. Explicitly configure spring.jpa.open-in-view to disable this warning
2023-09-30 15:17:01,940 INFO org.springframework.boot.devtools.autoconfigure.OptionalLiveReloadServer [restartedMain] LiveReload server is running on port 35729
2023-09-30 15:17:01,956 INFO org.springframework.boot.web.embedded.tomcat.TomcatWebServer [restartedMain] Tomcat started on port(s): 8181 (http) with context path ''
2023-09-30 15:17:01,961 INFO com.manirdev.countriesbe.CountriesBeApplication [restartedMain] Started CountriesBeApplication in 3.043 seconds (JVM running for 18.42)
2023-09-30 15:17:01,963 INFO org.springframework.boot.devtools.autoconfigure.ConditionEvaluationDeltaLoggingListener [restartedMain] Condition evaluation unchanged
2023-09-30 15:17:41,141 INFO org.springframework.orm.jpa.LocalContainerEntityManagerFactoryBean [Thread-7] Closing JPA EntityManagerFactory for persistence unit 'default'
2023-09-30 15:17:41,143 INFO com.zaxxer.hikari.HikariDataSource [Thread-7] HikariPool-2 - Shutdown initiated...
2023-09-30 15:17:41,159 INFO com.zaxxer.hikari.HikariDataSource [Thread-7] HikariPool-2 - Shutdown completed.
2023-09-30 15:17:41,349 INFO com.manirdev.countriesbe.CountriesBeApplication [restartedMain] Starting CountriesBeApplication using Java 11.0.16.1 on DESKTOP-DSS122P with PID 12680 (D:\Project\Java\countries-be\target\classes started by Onuv in D:\Project\Java\countries-be)
2023-09-30 15:17:41,349 INFO com.manirdev.countriesbe.CountriesBeApplication [restartedMain] The following profiles are active: dev
2023-09-30 15:17:41,789 INFO org.springframework.data.repository.config.RepositoryConfigurationDelegate [restartedMain] Bootstrapping Spring Data JPA repositories in DEFAULT mode.
2023-09-30 15:17:41,791 INFO org.springframework.data.repository.config.RepositoryConfigurationDelegate [restartedMain] Finished Spring Data repository scanning in 1 ms. Found 0 JPA repository interfaces.
2023-09-30 15:17:41,925 INFO org.springframework.boot.web.embedded.tomcat.TomcatWebServer [restartedMain] Tomcat initialized with port(s): 8181 (http)
2023-09-30 15:17:41,926 INFO org.apache.catalina.core.StandardService [restartedMain] Starting service [Tomcat]
2023-09-30 15:17:41,926 INFO org.apache.catalina.core.StandardEngine [restartedMain] Starting Servlet engine: [Apache Tomcat/9.0.52]
2023-09-30 15:17:41,953 INFO org.apache.catalina.core.ContainerBase.[Tomcat].[localhost].[/] [restartedMain] Initializing Spring embedded WebApplicationContext
2023-09-30 15:17:41,953 INFO org.springframework.boot.web.servlet.context.ServletWebServerApplicationContext [restartedMain] Root WebApplicationContext: initialization completed in 591 ms
2023-09-30 15:17:41,997 INFO org.hibernate.jpa.internal.util.LogHelper [restartedMain] HHH000204: Processing PersistenceUnitInfo [name: default]
2023-09-30 15:17:42,008 INFO com.zaxxer.hikari.HikariDataSource [restartedMain] HikariPool-3 - Starting...
2023-09-30 15:17:42,412 INFO com.zaxxer.hikari.HikariDataSource [restartedMain] HikariPool-3 - Start completed.
2023-09-30 15:17:42,413 INFO org.hibernate.dialect.Dialect [restartedMain] HHH000400: Using dialect: org.hibernate.dialect.PostgreSQLDialect
2023-09-30 15:17:43,421 INFO org.hibernate.engine.transaction.jta.platform.internal.JtaPlatformInitiator [restartedMain] HHH000490: Using JtaPlatform implementation: [org.hibernate.engine.transaction.jta.platform.internal.NoJtaPlatform]
2023-09-30 15:17:43,421 INFO org.springframework.orm.jpa.LocalContainerEntityManagerFactoryBean [restartedMain] Initialized JPA EntityManagerFactory for persistence unit 'default'
2023-09-30 15:17:43,459 WARN org.springframework.boot.autoconfigure.orm.jpa.JpaBaseConfiguration$JpaWebConfiguration [restartedMain] spring.jpa.open-in-view is enabled by default. Therefore, database queries may be performed during view rendering. Explicitly configure spring.jpa.open-in-view to disable this warning
2023-09-30 15:17:43,705 INFO org.springframework.boot.devtools.autoconfigure.OptionalLiveReloadServer [restartedMain] LiveReload server is running on port 35729
2023-09-30 15:17:43,722 INFO org.springframework.boot.web.embedded.tomcat.TomcatWebServer [restartedMain] Tomcat started on port(s): 8181 (http) with context path ''
2023-09-30 15:17:43,729 INFO com.manirdev.countriesbe.CountriesBeApplication [restartedMain] Started CountriesBeApplication in 2.461 seconds (JVM running for 60.188)
2023-09-30 15:17:43,731 INFO org.springframework.boot.devtools.autoconfigure.ConditionEvaluationDeltaLoggingListener [restartedMain] Condition evaluation unchanged
2023-09-30 15:18:25,897 INFO org.apache.catalina.core.ContainerBase.[Tomcat].[localhost].[/] [http-nio-8181-exec-1] Initializing Spring DispatcherServlet 'dispatcherServlet'
2023-09-30 15:18:25,901 INFO org.springframework.web.servlet.DispatcherServlet [http-nio-8181-exec-1] Initializing Servlet 'dispatcherServlet'
2023-09-30 15:18:25,903 INFO org.springframework.web.servlet.DispatcherServlet [http-nio-8181-exec-1] Completed initialization in 2 ms
2023-09-30 15:22:56,333 INFO org.springframework.orm.jpa.LocalContainerEntityManagerFactoryBean [Thread-11] Closing JPA EntityManagerFactory for persistence unit 'default'
2023-09-30 15:22:56,335 INFO com.zaxxer.hikari.HikariDataSource [Thread-11] HikariPool-3 - Shutdown initiated...
2023-09-30 15:22:56,341 INFO com.zaxxer.hikari.HikariDataSource [Thread-11] HikariPool-3 - Shutdown completed.
2023-09-30 15:22:56,498 INFO com.manirdev.countriesbe.CountriesBeApplication [restartedMain] Starting CountriesBeApplication using Java 11.0.16.1 on DESKTOP-DSS122P with PID 12680 (D:\Project\Java\countries-be\target\classes started by Onuv in D:\Project\Java\countries-be)
2023-09-30 15:22:56,498 INFO com.manirdev.countriesbe.CountriesBeApplication [restartedMain] The following profiles are active: dev
2023-09-30 15:22:57,017 INFO org.springframework.data.repository.config.RepositoryConfigurationDelegate [restartedMain] Bootstrapping Spring Data JPA repositories in DEFAULT mode.
2023-09-30 15:22:57,068 INFO org.springframework.data.repository.config.RepositoryConfigurationDelegate [restartedMain] Finished Spring Data repository scanning in 2 ms. Found 0 JPA repository interfaces.
2023-09-30 15:22:57,208 INFO org.springframework.boot.web.embedded.tomcat.TomcatWebServer [restartedMain] Tomcat initialized with port(s): 8181 (http)
2023-09-30 15:22:57,209 INFO org.apache.catalina.core.StandardService [restartedMain] Starting service [Tomcat]
2023-09-30 15:22:57,210 INFO org.apache.catalina.core.StandardEngine [restartedMain] Starting Servlet engine: [Apache Tomcat/9.0.52]
2023-09-30 15:22:57,242 INFO org.apache.catalina.core.ContainerBase.[Tomcat].[localhost].[/] [restartedMain] Initializing Spring embedded WebApplicationContext
2023-09-30 15:22:57,242 INFO org.springframework.boot.web.servlet.context.ServletWebServerApplicationContext [restartedMain] Root WebApplicationContext: initialization completed in 741 ms
2023-09-30 15:22:57,307 INFO org.hibernate.jpa.internal.util.LogHelper [restartedMain] HHH000204: Processing PersistenceUnitInfo [name: default]
2023-09-30 15:22:57,329 INFO com.zaxxer.hikari.HikariDataSource [restartedMain] HikariPool-4 - Starting...
2023-09-30 15:22:57,662 INFO com.zaxxer.hikari.HikariDataSource [restartedMain] HikariPool-4 - Start completed.
2023-09-30 15:22:57,662 INFO org.hibernate.dialect.Dialect [restartedMain] HHH000400: Using dialect: org.hibernate.dialect.PostgreSQLDialect
2023-09-30 15:22:58,445 INFO org.hibernate.engine.transaction.jta.platform.internal.JtaPlatformInitiator [restartedMain] HHH000490: Using JtaPlatform implementation: [org.hibernate.engine.transaction.jta.platform.internal.NoJtaPlatform]
2023-09-30 15:22:58,445 INFO org.springframework.orm.jpa.LocalContainerEntityManagerFactoryBean [restartedMain] Initialized JPA EntityManagerFactory for persistence unit 'default'
2023-09-30 15:22:58,461 WARN org.springframework.boot.autoconfigure.orm.jpa.JpaBaseConfiguration$JpaWebConfiguration [restartedMain] spring.jpa.open-in-view is enabled by default. Therefore, database queries may be performed during view rendering. Explicitly configure spring.jpa.open-in-view to disable this warning
2023-09-30 15:22:58,598 INFO org.springframework.boot.devtools.autoconfigure.OptionalLiveReloadServer [restartedMain] LiveReload server is running on port 35729
2023-09-30 15:22:58,614 INFO org.springframework.boot.web.embedded.tomcat.TomcatWebServer [restartedMain] Tomcat started on port(s): 8181 (http) with context path ''
2023-09-30 15:22:58,619 INFO com.manirdev.countriesbe.CountriesBeApplication [restartedMain] Started CountriesBeApplication in 2.208 seconds (JVM running for 375.078)
2023-09-30 15:22:58,622 INFO org.springframework.boot.devtools.autoconfigure.ConditionEvaluationDeltaLoggingListener [restartedMain] Condition evaluation unchanged
2023-09-30 15:23:01,342 INFO org.springframework.orm.jpa.LocalContainerEntityManagerFactoryBean [Thread-15] Closing JPA EntityManagerFactory for persistence unit 'default'
2023-09-30 15:23:01,343 INFO com.zaxxer.hikari.HikariDataSource [Thread-15] HikariPool-4 - Shutdown initiated...
2023-09-30 15:23:01,352 INFO com.zaxxer.hikari.HikariDataSource [Thread-15] HikariPool-4 - Shutdown completed.
2023-09-30 15:23:01,452 INFO com.manirdev.countriesbe.CountriesBeApplication [restartedMain] Starting CountriesBeApplication using Java 11.0.16.1 on DESKTOP-DSS122P with PID 12680 (D:\Project\Java\countries-be\target\classes started by Onuv in D:\Project\Java\countries-be)
2023-09-30 15:23:01,453 INFO com.manirdev.countriesbe.CountriesBeApplication [restartedMain] The following profiles are active: dev
2023-09-30 15:23:01,727 INFO org.springframework.data.repository.config.RepositoryConfigurationDelegate [restartedMain] Bootstrapping Spring Data JPA repositories in DEFAULT mode.
2023-09-30 15:23:01,729 INFO org.springframework.data.repository.config.RepositoryConfigurationDelegate [restartedMain] Finished Spring Data repository scanning in 1 ms. Found 0 JPA repository interfaces.
2023-09-30 15:23:01,814 INFO org.springframework.boot.web.embedded.tomcat.TomcatWebServer [restartedMain] Tomcat initialized with port(s): 8181 (http)
2023-09-30 15:23:01,815 INFO org.apache.catalina.core.StandardService [restartedMain] Starting service [Tomcat]
2023-09-30 15:23:01,815 INFO org.apache.catalina.core.StandardEngine [restartedMain] Starting Servlet engine: [Apache Tomcat/9.0.52]
2023-09-30 15:23:01,834 INFO org.apache.catalina.core.ContainerBase.[Tomcat].[localhost].[/] [restartedMain] Initializing Spring embedded WebApplicationContext
2023-09-30 15:23:01,834 INFO org.springframework.boot.web.servlet.context.ServletWebServerApplicationContext [restartedMain] Root WebApplicationContext: initialization completed in 379 ms
2023-09-30 15:23:01,867 INFO org.hibernate.jpa.internal.util.LogHelper [restartedMain] HHH000204: Processing PersistenceUnitInfo [name: default]
2023-09-30 15:23:01,871 INFO com.zaxxer.hikari.HikariDataSource [restartedMain] HikariPool-5 - Starting...
2023-09-30 15:23:02,129 INFO com.zaxxer.hikari.HikariDataSource [restartedMain] HikariPool-5 - Start completed.
2023-09-30 15:23:02,129 INFO org.hibernate.dialect.Dialect [restartedMain] HHH000400: Using dialect: org.hibernate.dialect.PostgreSQLDialect
2023-09-30 15:23:03,147 INFO org.hibernate.engine.transaction.jta.platform.internal.JtaPlatformInitiator [restartedMain] HHH000490: Using JtaPlatform implementation: [org.hibernate.engine.transaction.jta.platform.internal.NoJtaPlatform]
2023-09-30 15:23:03,147 INFO org.springframework.orm.jpa.LocalContainerEntityManagerFactoryBean [restartedMain] Initialized JPA EntityManagerFactory for persistence unit 'default'
2023-09-30 15:23:03,166 WARN org.springframework.boot.autoconfigure.orm.jpa.JpaBaseConfiguration$JpaWebConfiguration [restartedMain] spring.jpa.open-in-view is enabled by default. Therefore, database queries may be performed during view rendering. Explicitly configure spring.jpa.open-in-view to disable this warning
2023-09-30 15:23:03,290 INFO org.springframework.boot.devtools.autoconfigure.OptionalLiveReloadServer [restartedMain] LiveReload server is running on port 35729
2023-09-30 15:23:03,302 INFO org.springframework.boot.web.embedded.tomcat.TomcatWebServer [restartedMain] Tomcat started on port(s): 8181 (http) with context path ''
2023-09-30 15:23:03,308 INFO com.manirdev.countriesbe.CountriesBeApplication [restartedMain] Started CountriesBeApplication in 1.898 seconds (JVM running for 379.767)
2023-09-30 15:23:03,311 INFO org.springframework.boot.devtools.autoconfigure.ConditionEvaluationDeltaLoggingListener [restartedMain] Condition evaluation unchanged
2023-09-30 15:23:18,660 INFO org.springframework.orm.jpa.LocalContainerEntityManagerFactoryBean [Thread-19] Closing JPA EntityManagerFactory for persistence unit 'default'
2023-09-30 15:23:18,661 INFO com.zaxxer.hikari.HikariDataSource [Thread-19] HikariPool-5 - Shutdown initiated...
2023-09-30 15:23:18,669 INFO com.zaxxer.hikari.HikariDataSource [Thread-19] HikariPool-5 - Shutdown completed.
2023-09-30 15:23:18,779 INFO com.manirdev.countriesbe.CountriesBeApplication [restartedMain] Starting CountriesBeApplication using Java 11.0.16.1 on DESKTOP-DSS122P with PID 12680 (D:\Project\Java\countries-be\target\classes started by Onuv in D:\Project\Java\countries-be)
2023-09-30 15:23:18,779 INFO com.manirdev.countriesbe.CountriesBeApplication [restartedMain] The following profiles are active: dev
2023-09-30 15:23:19,147 INFO org.springframework.data.repository.config.RepositoryConfigurationDelegate [restartedMain] Bootstrapping Spring Data JPA repositories in DEFAULT mode.
2023-09-30 15:23:19,150 INFO org.springframework.data.repository.config.RepositoryConfigurationDelegate [restartedMain] Finished Spring Data repository scanning in 1 ms. Found 0 JPA repository interfaces.
2023-09-30 15:23:19,276 INFO org.springframework.boot.web.embedded.tomcat.TomcatWebServer [restartedMain] Tomcat initialized with port(s): 8181 (http)
2023-09-30 15:23:19,302 INFO org.springframework.boot.web.servlet.context.ServletWebServerApplicationContext [restartedMain] Root WebApplicationContext: initialization completed in 520 ms
2023-09-30 15:23:19,339 INFO org.hibernate.jpa.internal.util.LogHelper [restartedMain] HHH000204: Processing PersistenceUnitInfo [name: default]
2023-09-30 15:23:19,345 INFO com.zaxxer.hikari.HikariDataSource [restartedMain] HikariPool-6 - Starting...
2023-09-30 15:23:20,073 INFO com.zaxxer.hikari.HikariDataSource [restartedMain] HikariPool-6 - Start completed.
2023-09-30 15:23:20,073 INFO org.hibernate.dialect.Dialect [restartedMain] HHH000400: Using dialect: org.hibernate.dialect.PostgreSQLDialect
2023-09-30 15:23:21,343 INFO org.hibernate.engine.transaction.jta.platform.internal.JtaPlatformInitiator [restartedMain] HHH000490: Using JtaPlatform implementation: [org.hibernate.engine.transaction.jta.platform.internal.NoJtaPlatform]
2023-09-30 15:23:21,344 INFO org.springframework.orm.jpa.LocalContainerEntityManagerFactoryBean [restartedMain] Initialized JPA EntityManagerFactory for persistence unit 'default'
2023-09-30 15:23:21,368 WARN org.springframework.boot.autoconfigure.orm.jpa.JpaBaseConfiguration$JpaWebConfiguration [restartedMain] spring.jpa.open-in-view is enabled by default. Therefore, database queries may be performed during view rendering. Explicitly configure spring.jpa.open-in-view to disable this warning
2023-09-30 15:23:21,549 INFO org.springframework.boot.devtools.autoconfigure.OptionalLiveReloadServer [restartedMain] LiveReload server is running on port 35729
2023-09-30 15:23:21,566 INFO org.springframework.boot.web.embedded.tomcat.TomcatWebServer [restartedMain] Tomcat started on port(s): 8181 (http) with context path ''
2023-09-30 15:23:21,573 INFO com.manirdev.countriesbe.CountriesBeApplication [restartedMain] Started CountriesBeApplication in 2.84 seconds (JVM running for 398.032)
2023-09-30 15:23:21,575 INFO org.springframework.boot.devtools.autoconfigure.ConditionEvaluationDeltaLoggingListener [restartedMain] Condition evaluation unchanged
2023-09-30 15:23:22,065 INFO org.springframework.orm.jpa.LocalContainerEntityManagerFactoryBean [SpringApplicationShutdownHook] Closing JPA EntityManagerFactory for persistence unit 'default'
2023-09-30 15:23:22,067 INFO com.zaxxer.hikari.HikariDataSource [SpringApplicationShutdownHook] HikariPool-6 - Shutdown initiated...
2023-09-30 15:23:22,259 INFO com.zaxxer.hikari.HikariDataSource [SpringApplicationShutdownHook] HikariPool-6 - Shutdown completed.
2023-09-30 15:36:11,648 INFO com.manirdev.countriesbe.CountriesBeApplication [restartedMain] Starting CountriesBeApplication using Java 11.0.16.1 on DESKTOP-DSS122P with PID 5092 (D:\Project\Java\countries-be\target\classes started by Onuv in D:\Project\Java\countries-be)
2023-09-30 15:36:11,652 INFO com.manirdev.countriesbe.CountriesBeApplication [restartedMain] The following profiles are active: dev
2023-09-30 15:36:11,711 INFO org.springframework.boot.devtools.env.DevToolsPropertyDefaultsPostProcessor [restartedMain] Devtools property defaults active! Set 'spring.devtools.add-properties' to 'false' to disable
2023-09-30 15:36:11,711 INFO org.springframework.boot.devtools.env.DevToolsPropertyDefaultsPostProcessor [restartedMain] For additional web related logging consider setting the 'logging.level.web' property to 'DEBUG'
2023-09-30 15:36:12,667 INFO org.springframework.data.repository.config.RepositoryConfigurationDelegate [restartedMain] Bootstrapping Spring Data JPA repositories in DEFAULT mode.
2023-09-30 15:36:12,746 INFO org.springframework.data.repository.config.RepositoryConfigurationDelegate [restartedMain] Finished Spring Data repository scanning in 68 ms. Found 1 JPA repository interfaces.
2023-09-30 15:36:13,473 INFO org.springframework.boot.web.embedded.tomcat.TomcatWebServer [restartedMain] Tomcat initialized with port(s): 8181 (http)
2023-09-30 15:36:13,486 INFO org.apache.catalina.core.StandardService [restartedMain] Starting service [Tomcat]
2023-09-30 15:36:13,486 INFO org.apache.catalina.core.StandardEngine [restartedMain] Starting Servlet engine: [Apache Tomcat/9.0.52]
2023-09-30 15:36:13,578 INFO org.apache.catalina.core.ContainerBase.[Tomcat].[localhost].[/api] [restartedMain] Initializing Spring embedded WebApplicationContext
2023-09-30 15:36:13,578 INFO org.springframework.boot.web.servlet.context.ServletWebServerApplicationContext [restartedMain] Root WebApplicationContext: initialization completed in 1866 ms
2023-09-30 15:36:13,805 INFO org.hibernate.jpa.internal.util.LogHelper [restartedMain] HHH000204: Processing PersistenceUnitInfo [name: default]
2023-09-30 15:36:13,884 INFO org.hibernate.Version [restartedMain] HHH000412: Hibernate ORM core version 5.4.32.Final
2023-09-30 15:36:14,110 INFO org.hibernate.annotations.common.Version [restartedMain] HCANN000001: Hibernate Commons Annotations {5.1.2.Final}
2023-09-30 15:36:14,240 INFO com.zaxxer.hikari.HikariDataSource [restartedMain] HikariPool-1 - Starting...
2023-09-30 15:36:14,725 INFO com.zaxxer.hikari.HikariDataSource [restartedMain] HikariPool-1 - Start completed.
2023-09-30 15:36:14,744 INFO org.hibernate.dialect.Dialect [restartedMain] HHH000400: Using dialect: org.hibernate.dialect.PostgreSQLDialect
2023-09-30 15:36:16,602 INFO org.hibernate.engine.transaction.jta.platform.internal.JtaPlatformInitiator [restartedMain] HHH000490: Using JtaPlatform implementation: [org.hibernate.engine.transaction.jta.platform.internal.NoJtaPlatform]
2023-09-30 15:36:16,615 INFO org.springframework.orm.jpa.LocalContainerEntityManagerFactoryBean [restartedMain] Initialized JPA EntityManagerFactory for persistence unit 'default'
2023-09-30 15:36:17,040 WARN org.springframework.boot.autoconfigure.orm.jpa.JpaBaseConfiguration$JpaWebConfiguration [restartedMain] spring.jpa.open-in-view is enabled by default. Therefore, database queries may be performed during view rendering. Explicitly configure spring.jpa.open-in-view to disable this warning
2023-09-30 15:36:17,582 INFO org.springframework.boot.devtools.autoconfigure.OptionalLiveReloadServer [restartedMain] LiveReload server is running on port 35729
2023-09-30 15:36:17,629 INFO org.springframework.boot.web.embedded.tomcat.TomcatWebServer [restartedMain] Tomcat started on port(s): 8181 (http) with context path '/api'
2023-09-30 15:36:17,642 INFO com.manirdev.countriesbe.CountriesBeApplication [restartedMain] Started CountriesBeApplication in 6.794 seconds (JVM running for 8.19)
2023-09-30 15:36:28,475 INFO org.springframework.orm.jpa.LocalContainerEntityManagerFactoryBean [Thread-5] Closing JPA EntityManagerFactory for persistence unit 'default'
2023-09-30 15:36:28,479 INFO com.zaxxer.hikari.HikariDataSource [Thread-5] HikariPool-1 - Shutdown initiated...
2023-09-30 15:36:28,488 INFO com.zaxxer.hikari.HikariDataSource [Thread-5] HikariPool-1 - Shutdown completed.
2023-09-30 15:36:28,605 INFO com.manirdev.countriesbe.CountriesBeApplication [restartedMain] Starting CountriesBeApplication using Java 11.0.16.1 on DESKTOP-DSS122P with PID 5092 (D:\Project\Java\countries-be\target\classes started by Onuv in D:\Project\Java\countries-be)
2023-09-30 15:36:28,606 INFO com.manirdev.countriesbe.CountriesBeApplication [restartedMain] The following profiles are active: dev
2023-09-30 15:36:28,910 INFO org.springframework.data.repository.config.RepositoryConfigurationDelegate [restartedMain] Bootstrapping Spring Data JPA repositories in DEFAULT mode.
2023-09-30 15:36:28,923 INFO org.springframework.data.repository.config.RepositoryConfigurationDelegate [restartedMain] Finished Spring Data repository scanning in 12 ms. Found 1 JPA repository interfaces.
2023-09-30 15:36:29,044 INFO org.springframework.boot.web.embedded.tomcat.TomcatWebServer [restartedMain] Tomcat initialized with port(s): 8181 (http)
2023-09-30 15:36:29,045 INFO org.apache.catalina.core.StandardService [restartedMain] Starting service [Tomcat]
2023-09-30 15:36:29,045 INFO org.apache.catalina.core.StandardEngine [restartedMain] Starting Servlet engine: [Apache Tomcat/9.0.52]
2023-09-30 15:36:29,077 INFO org.apache.catalina.core.ContainerBase.[Tomcat].[localhost].[/api] [restartedMain] Initializing Spring embedded WebApplicationContext
2023-09-30 15:36:29,077 INFO org.springframework.boot.web.servlet.context.ServletWebServerApplicationContext [restartedMain] Root WebApplicationContext: initialization completed in 468 ms
2023-09-30 15:36:29,126 INFO org.hibernate.jpa.internal.util.LogHelper [restartedMain] HHH000204: Processing PersistenceUnitInfo [name: default]
2023-09-30 15:36:29,138 INFO com.zaxxer.hikari.HikariDataSource [restartedMain] HikariPool-2 - Starting...
2023-09-30 15:36:29,408 INFO com.zaxxer.hikari.HikariDataSource [restartedMain] HikariPool-2 - Start completed.
2023-09-30 15:36:29,409 INFO org.hibernate.dialect.Dialect [restartedMain] HHH000400: Using dialect: org.hibernate.dialect.PostgreSQLDialect
2023-09-30 15:36:30,456 INFO org.hibernate.engine.transaction.jta.platform.internal.JtaPlatformInitiator [restartedMain] HHH000490: Using JtaPlatform implementation: [org.hibernate.engine.transaction.jta.platform.internal.NoJtaPlatform]
2023-09-30 15:36:30,457 INFO org.springframework.orm.jpa.LocalContainerEntityManagerFactoryBean [restartedMain] Initialized JPA EntityManagerFactory for persistence unit 'default'
2023-09-30 15:36:30,540 WARN org.springframework.boot.autoconfigure.orm.jpa.JpaBaseConfiguration$JpaWebConfiguration [restartedMain] spring.jpa.open-in-view is enabled by default. Therefore, database queries may be performed during view rendering. Explicitly configure spring.jpa.open-in-view to disable this warning
2023-09-30 15:36:30,702 INFO org.springframework.boot.devtools.autoconfigure.OptionalLiveReloadServer [restartedMain] LiveReload server is running on port 35729
2023-09-30 15:36:30,713 INFO org.springframework.boot.web.embedded.tomcat.TomcatWebServer [restartedMain] Tomcat started on port(s): 8181 (http) with context path '/api'
2023-09-30 15:36:30,719 INFO com.manirdev.countriesbe.CountriesBeApplication [restartedMain] Started CountriesBeApplication in 2.16 seconds (JVM running for 21.266)
2023-09-30 15:36:30,722 INFO org.springframework.boot.devtools.autoconfigure.ConditionEvaluationDeltaLoggingListener [restartedMain] Condition evaluation unchanged
2023-09-30 15:36:31,758 INFO org.apache.catalina.core.ContainerBase.[Tomcat].[localhost].[/api] [http-nio-8181-exec-2] Initializing Spring DispatcherServlet 'dispatcherServlet'
2023-09-30 15:36:31,759 INFO org.springframework.web.servlet.DispatcherServlet [http-nio-8181-exec-2] Initializing Servlet 'dispatcherServlet'
2023-09-30 15:36:31,762 INFO org.springframework.web.servlet.DispatcherServlet [http-nio-8181-exec-2] Completed initialization in 3 ms
2023-09-30 15:38:28,312 INFO org.springframework.orm.jpa.LocalContainerEntityManagerFactoryBean [SpringApplicationShutdownHook] Closing JPA EntityManagerFactory for persistence unit 'default'
2023-09-30 15:38:28,334 INFO com.zaxxer.hikari.HikariDataSource [SpringApplicationShutdownHook] HikariPool-2 - Shutdown initiated...
2023-09-30 15:38:28,387 INFO com.zaxxer.hikari.HikariDataSource [SpringApplicationShutdownHook] HikariPool-2 - Shutdown completed.
